<?xml version="1.0" encoding="UTF-8"?>
<!-- Generated by org.testng.reporters.JUnitXMLReporter -->
<testsuite hostname="DESKTOP-5DNG8CK" ignored="2" name="methods" tests="2" failures="0" timestamp="13 Mar 2020 17:59:44 GMT" time="44.042" errors="0">
  <testcase name="LastViewedListInVendors1" time="4.317" classname="com.vtiger.TestScripts.LastViewedListInVendors"/>
  <testcase name="createCamp" time="8.629" classname="com.vtiger.TestScripts.CreateCampTest"/>
  <testcase name="@BeforeSuite ConfigBS" time="0.0" classname="com.vtiger.genericLib.BaseClass">
    <ignored/>
  </testcase> <!-- @BeforeSuite ConfigBS -->
  <testcase name="@AfterSuite configAS" time="0.0" classname="com.vtiger.genericLib.BaseClass">
    <ignored/>
  </testcase> <!-- @AfterSuite configAS -->
</testsuite> <!-- methods -->
